!SESSION 2014-05-05 18:03:28.825 -----------------------------------------------
eclipse.buildId=unknown
java.version=1.7.0_55
java.vendor=Oracle Corporation
BootLoader constants: OS=linux, ARCH=x86, WS=gtk, NL=cs_CZ
Command-line arguments:  -console

!ENTRY org.eclipse.equinox.ds 4 0 2014-05-05 18:03:33.173
!MESSAGE Could not bind a reference of component org.openhab.core.itemregistry. The reference is: Reference[name = ItemProvider, interface = org.openhab.core.items.ItemProvider, policy = dynamic, cardinality = 0..n, target = null, bind = addItemProvider, unbind = removeItemProvider]

!ENTRY org.eclipse.equinox.ds 4 0 2014-05-05 18:03:33.174
!MESSAGE Could not bind a reference of component org.openhab.core.itemregistry. The reference is: Reference[name = ItemProvider, interface = org.openhab.core.items.ItemProvider, policy = dynamic, cardinality = 0..n, target = null, bind = addItemProvider, unbind = removeItemProvider]

!ENTRY org.eclipse.equinox.ds 4 0 2014-05-05 18:03:33.251
!MESSAGE Could not bind a reference of component org.openhab.core.persistence.extensions. The reference is: Reference[name = PersistenceService, interface = org.openhab.core.persistence.PersistenceService, policy = dynamic, cardinality = 0..n, target = null, bind = addPersistenceService, unbind = removePersistenceService]

!ENTRY org.eclipse.equinox.ds 4 0 2014-05-05 18:03:33.251
!MESSAGE Could not bind a reference of component org.openhab.core.persistence.extensions. The reference is: Reference[name = PersistenceService, interface = org.openhab.core.persistence.PersistenceService, policy = dynamic, cardinality = 0..n, target = null, bind = addPersistenceService, unbind = removePersistenceService]

!ENTRY org.eclipse.equinox.ds 4 0 2014-05-05 18:03:34.529
!MESSAGE Could not bind a reference of component org.openhab.core.persistence.manager. The reference is: Reference[name = PersistenceService, interface = org.openhab.core.persistence.PersistenceService, policy = dynamic, cardinality = 0..n, target = null, bind = addPersistenceService, unbind = removePersistenceService]

!ENTRY org.eclipse.equinox.ds 4 0 2014-05-05 18:03:34.529
!MESSAGE Could not bind a reference of component org.openhab.core.persistence.manager. The reference is: Reference[name = PersistenceService, interface = org.openhab.core.persistence.PersistenceService, policy = dynamic, cardinality = 0..n, target = null, bind = addPersistenceService, unbind = removePersistenceService]

!ENTRY org.eclipse.equinox.ds 4 0 2014-05-05 18:03:46.363
!MESSAGE Could not bind a reference of component org.openhab.ui.chart. The reference is: Reference[name = ChartProvider, interface = org.openhab.ui.chart.ChartProvider, policy = dynamic, cardinality = 0..n, target = null, bind = addChartProvider, unbind = removeChartProvider]

!ENTRY org.eclipse.equinox.ds 4 0 2014-05-05 18:03:46.363
!MESSAGE Could not bind a reference of component org.openhab.ui.chart. The reference is: Reference[name = ChartProvider, interface = org.openhab.ui.chart.ChartProvider, policy = dynamic, cardinality = 0..n, target = null, bind = addChartProvider, unbind = removeChartProvider]

!ENTRY org.eclipse.equinox.ds 4 0 2014-05-05 18:03:46.435
!MESSAGE Could not bind a reference of component org.openhab.ui.chart.defaultprovider. The reference is: Reference[name = PersistenceService, interface = org.openhab.core.persistence.PersistenceService, policy = dynamic, cardinality = 0..n, target = null, bind = addPersistenceService, unbind = removePersistenceService]

!ENTRY org.eclipse.equinox.ds 4 0 2014-05-05 18:03:46.436
!MESSAGE Could not bind a reference of component org.openhab.ui.chart.defaultprovider. The reference is: Reference[name = PersistenceService, interface = org.openhab.core.persistence.PersistenceService, policy = dynamic, cardinality = 0..n, target = null, bind = addPersistenceService, unbind = removePersistenceService]

!ENTRY org.eclipse.equinox.ds 4 0 2014-05-05 18:03:46.521
!MESSAGE Could not bind a reference of component org.openhab.ui.webapp.pagerenderer. The reference is: Reference[name = WidgetRenderer, interface = org.openhab.ui.webapp.render.WidgetRenderer, policy = dynamic, cardinality = 0..n, target = null, bind = addWidgetRenderer, unbind = removeWidgetRenderer]

!ENTRY org.eclipse.equinox.ds 4 0 2014-05-05 18:03:46.521
!MESSAGE Could not bind a reference of component org.openhab.ui.webapp.pagerenderer. The reference is: Reference[name = WidgetRenderer, interface = org.openhab.ui.webapp.render.WidgetRenderer, policy = dynamic, cardinality = 0..n, target = null, bind = addWidgetRenderer, unbind = removeWidgetRenderer]
